⚠ "next start" does not work with "output: standalone" configuration. Use "node .next/standalone/server.js" instead.
⨯ [TypeError: fetch failed] {
  [cause]: AggregateError: 
      at ignore-listed frames {
    code: 'ECONNREFUSED',
    [errors]: [ [Error], [Error] ]
  }
}
⨯ [TypeError: fetch failed] {
  [cause]: AggregateError: 
      at ignore-listed frames {
    code: 'ECONNREFUSED',
    [errors]: [ [Error], [Error] ]
  }
}
⨯ [TypeError: fetch failed] {
  [cause]: AggregateError: 
      at ignore-listed frames {
    code: 'ECONNREFUSED',
    [errors]: [ [Error], [Error] ]
  }
}
