
> web@0.1.0 dev C:\Users\Amir\Desktop\elina\apps\web
> next dev --port 3001

▲ Next.js 16.2.7 (Turbopack)
- Local:         http://localhost:3001
- Network:       http://192.168.1.3:3001
✓ Ready in 919ms
Creating turbopack project { dir: 'C:\\Users\\Amir\\Desktop\\elina\\apps\\web', testMode: true }

 GET /manifest.webmanifest 200 in 147ms (next.js: 129ms, application-code: 19ms)
 GET /manifest.webmanifest 200 in 39ms (next.js: 28ms, application-code: 11ms)
 GET / 200 in 2.1s (next.js: 556ms, application-code: 1590ms)
 GET / 200 in 2.1s (next.js: 1199ms, application-code: 944ms)
 GET / 200 in 925ms (next.js: 132ms, application-code: 794ms)
 GET /api/auth/session 200 in 258ms (next.js: 185ms, application-code: 72ms)
 GET /api/auth/session 200 in 59ms (next.js: 19ms, application-code: 40ms)
 GET /api/auth/session 200 in 77ms (next.js: 30ms, application-code: 47ms)
 GET / 200 in 182ms (next.js: 10ms, application-code: 172ms)
 GET /api/auth/session 200 in 43ms (next.js: 12ms, application-code: 31ms)
 GET /manifest.webmanifest 200 in 36ms (next.js: 16ms, application-code: 20ms)
 GET / 200 in 232ms (next.js: 12ms, application-code: 219ms)
 GET /manifest.webmanifest 200 in 16ms (next.js: 6ms, application-code: 10ms)
 GET /api/auth/session 200 in 22ms (next.js: 5ms, application-code: 17ms)
 GET /manifest.webmanifest 200 in 9ms (next.js: 5ms, application-code: 5ms)
 GET /robots.txt 200 in 96ms (next.js: 88ms, application-code: 8ms)
 GET /api/auth/session 200 in 36ms (next.js: 14ms, application-code: 21ms)
 GET /manifest.webmanifest 200 in 27ms (next.js: 17ms, application-code: 10ms)
 GET / 200 in 371ms (next.js: 15ms, application-code: 355ms)
 GET /manifest.webmanifest 200 in 73ms (next.js: 63ms, application-code: 10ms)
 GET /api/auth/session 200 in 26ms (next.js: 11ms, application-code: 15ms)
 GET /products 200 in 164ms (next.js: 58ms, application-code: 106ms)
 GET / 200 in 107ms (next.js: 6ms, application-code: 101ms)
 GET /manifest.webmanifest 200 in 30ms (next.js: 11ms, application-code: 19ms)
 GET /api/auth/session 200 in 90ms (next.js: 40ms, application-code: 50ms)
 GET / 200 in 297ms (next.js: 24ms, application-code: 273ms)
 GET /manifest.webmanifest 200 in 23ms (next.js: 10ms, application-code: 13ms)
 GET /api/auth/session 200 in 18ms (next.js: 7ms, application-code: 11ms)
 GET / 200 in 169ms (next.js: 7ms, application-code: 163ms)
 GET /manifest.webmanifest 200 in 9ms (next.js: 4ms, application-code: 5ms)
 GET /api/auth/session 200 in 27ms (next.js: 12ms, application-code: 14ms)
 GET / 200 in 445ms (next.js: 79ms, application-code: 365ms)
 GET /manifest.webmanifest 200 in 41ms (next.js: 16ms, application-code: 24ms)
 GET /api/auth/session 200 in 25ms (next.js: 12ms, application-code: 13ms)
 GET /api/auth/session 200 in 57ms (next.js: 22ms, application-code: 35ms)
 GET /api/auth/session 200 in 29ms (next.js: 7ms, application-code: 22ms)
 GET /api/auth/session 200 in 561ms (next.js: 242ms, application-code: 319ms)
 GET /api/auth/session 200 in 106ms (next.js: 52ms, application-code: 54ms)
 GET /api/auth/session 200 in 177ms (next.js: 101ms, application-code: 75ms)
 GET / 200 in 829ms (next.js: 63ms, application-code: 766ms)
 GET /manifest.webmanifest 200 in 70ms (next.js: 45ms, application-code: 25ms)
 GET /api/auth/session 200 in 38ms (next.js: 13ms, application-code: 25ms)
 GET / 200 in 170ms (next.js: 14ms, application-code: 156ms)
 GET /manifest.webmanifest 200 in 26ms (next.js: 5ms, application-code: 22ms)
 GET /api/auth/session 200 in 49ms (next.js: 23ms, application-code: 27ms)
 GET / 200 in 158ms (next.js: 7ms, application-code: 151ms)
 GET /manifest.webmanifest 200 in 19ms (next.js: 5ms, application-code: 14ms)
 GET /api/auth/session 200 in 53ms (next.js: 27ms, application-code: 26ms)
 GET / 200 in 188ms (next.js: 6ms, application-code: 182ms)
 GET /manifest.webmanifest 200 in 26ms (next.js: 7ms, application-code: 18ms)
 GET /api/auth/session 200 in 44ms (next.js: 14ms, application-code: 30ms)
 GET / 200 in 183ms (next.js: 10ms, application-code: 173ms)
 GET /manifest.webmanifest 200 in 15ms (next.js: 8ms, application-code: 7ms)
 GET /api/auth/session 200 in 20ms (next.js: 5ms, application-code: 15ms)
 GET / 200 in 182ms (next.js: 11ms, application-code: 171ms)
 GET /manifest.webmanifest 200 in 11ms (next.js: 6ms, application-code: 5ms)
 GET /api/auth/session 200 in 20ms (next.js: 13ms, application-code: 7ms)
 GET / 200 in 148ms (next.js: 7ms, application-code: 140ms)
 GET /manifest.webmanifest 200 in 12ms (next.js: 6ms, application-code: 6ms)
 GET /api/auth/session 200 in 11ms (next.js: 5ms, application-code: 6ms)
 GET / 200 in 196ms (next.js: 15ms, application-code: 181ms)
 GET /manifest.webmanifest 200 in 19ms (next.js: 7ms, application-code: 13ms)
 GET /api/auth/session 200 in 40ms (next.js: 31ms, application-code: 9ms)
 GET / 200 in 147ms (next.js: 7ms, application-code: 140ms)
 GET /manifest.webmanifest 200 in 9ms (next.js: 5ms, application-code: 4ms)
 GET /api/auth/session 200 in 17ms (next.js: 9ms, application-code: 9ms)
 GET / 200 in 253ms (next.js: 11ms, application-code: 242ms)
 GET /manifest.webmanifest 200 in 10ms (next.js: 4ms, application-code: 5ms)
 GET /api/auth/session 200 in 26ms (next.js: 5ms, application-code: 20ms)
 GET / 200 in 223ms (next.js: 8ms, application-code: 215ms)
 GET /manifest.webmanifest 200 in 24ms (next.js: 6ms, application-code: 18ms)
 GET /api/auth/session 200 in 81ms (next.js: 25ms, application-code: 55ms)
 GET / 200 in 334ms (next.js: 7ms, application-code: 327ms)
 GET /manifest.webmanifest 200 in 50ms (next.js: 37ms, application-code: 13ms)
 GET /api/auth/session 200 in 28ms (next.js: 11ms, application-code: 17ms)
 GET /api/auth/session 200 in 63ms (next.js: 23ms, application-code: 40ms)
 GET /products 200 in 249ms (next.js: 17ms, application-code: 231ms)
 GET / 200 in 396ms (next.js: 36ms, application-code: 360ms)
 GET /manifest.webmanifest 200 in 98ms (next.js: 71ms, application-code: 26ms)
 GET /api/auth/session 200 in 25ms (next.js: 12ms, application-code: 13ms)
 GET / 200 in 197ms (next.js: 9ms, application-code: 187ms)
 GET /manifest.webmanifest 200 in 24ms (next.js: 9ms, application-code: 15ms)
 GET /api/auth/session 200 in 40ms (next.js: 25ms, application-code: 15ms)
 GET / 200 in 187ms (next.js: 10ms, application-code: 177ms)
 GET /manifest.webmanifest 200 in 21ms (next.js: 6ms, application-code: 15ms)
 GET /api/auth/session 200 in 60ms (next.js: 18ms, application-code: 42ms)
 GET / 200 in 201ms (next.js: 7ms, application-code: 194ms)
 GET /manifest.webmanifest 200 in 35ms (next.js: 13ms, application-code: 22ms)
 GET /api/auth/session 200 in 28ms (next.js: 11ms, application-code: 17ms)
 GET / 200 in 30ms (next.js: 14ms, application-code: 16ms)
 GET / 200 in 52ms (next.js: 9ms, application-code: 44ms)
 GET /manifest.webmanifest 200 in 12ms (next.js: 6ms, application-code: 7ms)
 GET /manifest.webmanifest 200 in 25ms (next.js: 18ms, application-code: 8ms)
 GET / 200 in 73ms (next.js: 20ms, application-code: 53ms)
 GET / 200 in 18ms (next.js: 8ms, application-code: 10ms)
 GET / 200 in 44ms (next.js: 7ms, application-code: 37ms)
 GET /manifest.webmanifest 200 in 13ms (next.js: 7ms, application-code: 6ms)
 GET / 200 in 17ms (next.js: 6ms, application-code: 11ms)
 GET / 200 in 50ms (next.js: 6ms, application-code: 44ms)
 GET /manifest.webmanifest 200 in 13ms (next.js: 6ms, application-code: 7ms)
 GET / 200 in 13ms (next.js: 6ms, application-code: 7ms)
 GET / 200 in 40ms (next.js: 6ms, application-code: 34ms)
 GET /manifest.webmanifest 200 in 12ms (next.js: 5ms, application-code: 7ms)
 GET / 200 in 13ms (next.js: 6ms, application-code: 7ms)
 GET / 200 in 46ms (next.js: 5ms, application-code: 41ms)
 GET /manifest.webmanifest 200 in 26ms (next.js: 8ms, application-code: 17ms)
 GET / 200 in 261ms (next.js: 13ms, application-code: 248ms)
 GET /manifest.webmanifest 200 in 8ms (next.js: 3ms, application-code: 5ms)
 GET /api/auth/session 200 in 30ms (next.js: 12ms, application-code: 18ms)
 GET / 200 in 14ms (next.js: 6ms, application-code: 8ms)
 GET / 200 in 50ms (next.js: 4ms, application-code: 46ms)
 GET /manifest.webmanifest 200 in 33ms (next.js: 19ms, application-code: 13ms)
 GET / 200 in 18ms (next.js: 7ms, application-code: 11ms)
 GET / 200 in 39ms (next.js: 5ms, application-code: 34ms)
 GET /manifest.webmanifest 200 in 17ms (next.js: 8ms, application-code: 9ms)
 GET / 200 in 15ms (next.js: 7ms, application-code: 8ms)
 GET / 200 in 57ms (next.js: 6ms, application-code: 51ms)
 GET /manifest.webmanifest 200 in 9ms (next.js: 3ms, application-code: 6ms)
 GET / 200 in 14ms (next.js: 6ms, application-code: 8ms)
 GET / 200 in 39ms (next.js: 4ms, application-code: 34ms)
 GET /manifest.webmanifest 200 in 10ms (next.js: 5ms, application-code: 4ms)
 GET / 200 in 23ms (next.js: 6ms, application-code: 17ms)
 GET / 200 in 56ms (next.js: 7ms, application-code: 48ms)
 GET /manifest.webmanifest 200 in 13ms (next.js: 7ms, application-code: 6ms)
 GET / 200 in 28ms (next.js: 9ms, application-code: 19ms)
 GET / 200 in 65ms (next.js: 8ms, application-code: 57ms)
 GET /manifest.webmanifest 200 in 9ms (next.js: 4ms, application-code: 5ms)
 GET / 200 in 257ms (next.js: 13ms, application-code: 244ms)
 GET /manifest.webmanifest 200 in 39ms (next.js: 12ms, application-code: 27ms)
 GET /api/auth/session 200 in 25ms (next.js: 7ms, application-code: 18ms)
 GET / 200 in 23ms (next.js: 15ms, application-code: 8ms)
 GET / 200 in 135ms (next.js: 6ms, application-code: 128ms)
 GET /manifest.webmanifest 200 in 9ms (next.js: 4ms, application-code: 5ms)
 GET /api/auth/session 200 in 24ms (next.js: 11ms, application-code: 13ms)
 GET / 200 in 123ms (next.js: 6ms, application-code: 118ms)
 GET /manifest.webmanifest 200 in 10ms (next.js: 4ms, application-code: 5ms)
 GET /api/auth/session 200 in 18ms (next.js: 7ms, application-code: 12ms)
 GET / 200 in 126ms (next.js: 4ms, application-code: 122ms)
 GET /manifest.webmanifest 200 in 11ms (next.js: 5ms, application-code: 6ms)
 GET /api/auth/session 200 in 14ms (next.js: 5ms, application-code: 10ms)
 GET / 200 in 148ms (next.js: 6ms, application-code: 142ms)
 GET /manifest.webmanifest 200 in 9ms (next.js: 5ms, application-code: 5ms)
 GET /api/auth/session 200 in 14ms (next.js: 5ms, application-code: 9ms)
 GET / 200 in 114ms (next.js: 7ms, application-code: 107ms)
 GET /manifest.webmanifest 200 in 8ms (next.js: 4ms, application-code: 4ms)
 GET /api/auth/session 200 in 15ms (next.js: 7ms, application-code: 8ms)
 GET /api/auth/session 200 in 25ms (next.js: 15ms, application-code: 10ms)
 GET /api/auth/session 200 in 251ms (next.js: 113ms, application-code: 137ms)
 GET / 200 in 677ms (next.js: 30ms, application-code: 646ms)
 GET /manifest.webmanifest 200 in 45ms (next.js: 33ms, application-code: 11ms)
 GET /api/auth/session 200 in 25ms (next.js: 5ms, application-code: 20ms)
 GET / 200 in 269ms (next.js: 14ms, application-code: 255ms)
 GET /manifest.webmanifest 200 in 19ms (next.js: 6ms, application-code: 13ms)
 GET /api/auth/session 200 in 44ms (next.js: 10ms, application-code: 34ms)
 GET / 200 in 119ms (next.js: 6ms, application-code: 113ms)
 GET /manifest.webmanifest 200 in 9ms (next.js: 3ms, application-code: 6ms)
 GET /api/auth/session 200 in 25ms (next.js: 7ms, application-code: 18ms)
 GET / 200 in 161ms (next.js: 12ms, application-code: 149ms)
 GET /manifest.webmanifest 200 in 13ms (next.js: 5ms, application-code: 8ms)
 GET /api/auth/session 200 in 27ms (next.js: 4ms, application-code: 24ms)
 GET / 200 in 122ms (next.js: 5ms, application-code: 117ms)
 GET /manifest.webmanifest 200 in 17ms (next.js: 5ms, application-code: 13ms)
 GET /api/auth/session 200 in 24ms (next.js: 10ms, application-code: 14ms)
 GET / 200 in 133ms (next.js: 5ms, application-code: 127ms)
 GET /manifest.webmanifest 200 in 8ms (next.js: 4ms, application-code: 4ms)
 GET /api/auth/session 200 in 26ms (next.js: 8ms, application-code: 17ms)
