⨯ [TypeError: fetch failed] {
  [cause]: AggregateError: 
      at ignore-listed frames {
    code: 'ECONNREFUSED',
    [errors]: [ [Error], [Error] ]
  }
}
⨯ [TypeError: fetch failed] {
  [cause]: AggregateError: 
      at ignore-listed frames {
    code: 'ECONNREFUSED',
    [errors]: [ [Error], [Error] ]
  }
}
⨯ [TypeError: fetch failed] {
  [cause]: AggregateError: 
      at ignore-listed frames {
    code: 'ECONNREFUSED',
    [errors]: [ [Error], [Error] ]
  }
}
⨯ [TypeError: fetch failed] {
  [cause]: AggregateError: 
      at ignore-listed frames {
    code: 'ECONNREFUSED',
    [errors]: [ [Error], [Error] ]
  }
}
⨯ [TypeError: fetch failed] {
  [cause]: AggregateError: 
      at ignore-listed frames {
    code: 'ECONNREFUSED',
    [errors]: [ [Error], [Error] ]
  }
}
⨯ [TypeError: fetch failed] {
  [cause]: AggregateError: 
      at ignore-listed frames {
    code: 'ECONNREFUSED',
    [errors]: [ [Error], [Error] ]
  }
}
⨯ [TypeError: fetch failed] {
  [cause]: AggregateError: 
      at ignore-listed frames {
    code: 'ECONNREFUSED',
    [errors]: [ [Error], [Error] ]
  }
}
⨯ [TypeError: fetch failed] {
  [cause]: AggregateError: 
      at ignore-listed frames {
    code: 'ECONNREFUSED',
    [errors]: [ [Error], [Error] ]
  }
}
⨯ [TypeError: fetch failed] {
  [cause]: AggregateError: 
      at ignore-listed frames {
    code: 'ECONNREFUSED',
    [errors]: [ [Error], [Error] ]
  }
}
⨯ [TypeError: fetch failed] {
  [cause]: AggregateError: 
      at ignore-listed frames {
    code: 'ECONNREFUSED',
    [errors]: [ [Error], [Error] ]
  }
}
⨯ [TypeError: fetch failed] {
  [cause]: AggregateError: 
      at ignore-listed frames {
    code: 'ECONNREFUSED',
    [errors]: [ [Error], [Error] ]
  }
}
⨯ [TypeError: fetch failed] {
  digest: '3227098399',
  [cause]: AggregateError: 
      at ignore-listed frames {
    code: 'ECONNREFUSED',
    [errors]: [ [Error], [Error] ]
  }
}
[browser] Uncaught TypeError: fetch failed
⨯ [TypeError: fetch failed] {
  [cause]: AggregateError: 
      at ignore-listed frames {
    code: 'ECONNREFUSED',
    [errors]: [ [Error], [Error] ]
  }
}
⨯ [TypeError: fetch failed] {
  [cause]: AggregateError: 
      at ignore-listed frames {
    code: 'ECONNREFUSED',
    [errors]: [ [Error], [Error] ]
  }
}
[browser] Image with src "/elina/hero-linen.png" was detected as the Largest Contentful Paint (LCP). Please add the `loading="eager"` property if this image is above the fold.
Read more: https://nextjs.org/docs/app/api-reference/components/image#loading
⨯ [TypeError: fetch failed] {
  [cause]: AggregateError: 
      at ignore-listed frames {
    code: 'ECONNREFUSED',
    [errors]: [ [Error], [Error] ]
  }
}
⨯ [TypeError: fetch failed] {
  [cause]: AggregateError: 
      at ignore-listed frames {
    code: 'ECONNREFUSED',
    [errors]: [ [Error], [Error] ]
  }
}
⨯ [TypeError: fetch failed] {
  [cause]: AggregateError: 
      at ignore-listed frames {
    code: 'ECONNREFUSED',
    [errors]: [ [Error], [Error] ]
  }
}
⨯ [TypeError: fetch failed] {
  [cause]: AggregateError: 
      at ignore-listed frames {
    code: 'ECONNREFUSED',
    [errors]: [ [Error], [Error] ]
  }
}
[browser] Image with src "/elina/hero-linen.png" was detected as the Largest Contentful Paint (LCP). Please add the `loading="eager"` property if this image is above the fold.
Read more: https://nextjs.org/docs/app/api-reference/components/image#loading
⨯ [TypeError: fetch failed] {
  [cause]: AggregateError: 
      at ignore-listed frames {
    code: 'ETIMEDOUT',
    [errors]: [ [Error], [Error] ]
  }
}
⨯ [TypeError: fetch failed] {
  [cause]: AggregateError: 
      at ignore-listed frames {
    code: 'ECONNREFUSED',
    [errors]: [ [Error], [Error] ]
  }
}
⨯ [TypeError: fetch failed] {
  [cause]: AggregateError: 
      at ignore-listed frames {
    code: 'ECONNREFUSED',
    [errors]: [ [Error], [Error] ]
  }
}
[browser] Image with src "/elina/hero-linen.png" was detected as the Largest Contentful Paint (LCP). Please add the `loading="eager"` property if this image is above the fold.
Read more: https://nextjs.org/docs/app/api-reference/components/image#loading
⨯ [TypeError: fetch failed] {
  [cause]: AggregateError: 
      at ignore-listed frames {
    code: 'ECONNREFUSED',
    [errors]: [ [Error], [Error] ]
  }
}
⨯ [TypeError: fetch failed] {
  [cause]: AggregateError: 
      at ignore-listed frames {
    code: 'ECONNREFUSED',
    [errors]: [ [Error], [Error] ]
  }
}
⨯ [TypeError: fetch failed] {
  [cause]: AggregateError: 
      at ignore-listed frames {
    code: 'ECONNREFUSED',
    [errors]: [ [Error], [Error] ]
  }
}
⨯ [TypeError: fetch failed] {
  [cause]: AggregateError: 
      at ignore-listed frames {
    code: 'ECONNREFUSED',
    [errors]: [ [Error], [Error] ]
  }
}
⨯ [TypeError: fetch failed] {
  [cause]: AggregateError: 
      at ignore-listed frames {
    code: 'ECONNREFUSED',
    [errors]: [ [Error], [Error] ]
  }
}
⨯ [TypeError: fetch failed] {
  [cause]: AggregateError: 
      at ignore-listed frames {
    code: 'ECONNREFUSED',
    [errors]: [ [Error], [Error] ]
  }
}
[browser] Image with src "/elina/hero-linen.png" was detected as the Largest Contentful Paint (LCP). Please add the `loading="eager"` property if this image is above the fold.
Read more: https://nextjs.org/docs/app/api-reference/components/image#loading
⨯ [TypeError: fetch failed] {
  [cause]: AggregateError: 
      at ignore-listed frames {
    code: 'ECONNREFUSED',
    [errors]: [ [Error], [Error] ]
  }
}
⨯ [TypeError: fetch failed] {
  [cause]: AggregateError: 
      at ignore-listed frames {
    code: 'ECONNREFUSED',
    [errors]: [ [Error], [Error] ]
  }
}
⨯ [TypeError: fetch failed] {
  [cause]: AggregateError: 
      at ignore-listed frames {
    code: 'ETIMEDOUT',
    [errors]: [ [Error], [Error] ]
  }
}
[browser] Image with src "/elina/hero-linen.png" was detected as the Largest Contentful Paint (LCP). Please add the `loading="eager"` property if this image is above the fold.
Read more: https://nextjs.org/docs/app/api-reference/components/image#loading
⨯ [TypeError: fetch failed] {
  [cause]: AggregateError: 
      at ignore-listed frames {
    code: 'ECONNREFUSED',
    [errors]: [ [Error], [Error] ]
  }
}
⨯ [TypeError: fetch failed] {
  [cause]: AggregateError: 
      at ignore-listed frames {
    code: 'ECONNREFUSED',
    [errors]: [ [Error], [Error] ]
  }
}
⨯ [TypeError: fetch failed] {
  [cause]: AggregateError: 
      at ignore-listed frames {
    code: 'ECONNREFUSED',
    [errors]: [ [Error], [Error] ]
  }
}
[browser] Image with src "/elina/hero-linen.png" was detected as the Largest Contentful Paint (LCP). Please add the `loading="eager"` property if this image is above the fold.
Read more: https://nextjs.org/docs/app/api-reference/components/image#loading
⨯ [TypeError: fetch failed] {
  [cause]: AggregateError: 
      at ignore-listed frames {
    code: 'ECONNREFUSED',
    [errors]: [ [Error], [Error] ]
  }
}
⨯ [TypeError: fetch failed] {
  [cause]: AggregateError: 
      at ignore-listed frames {
    code: 'ECONNREFUSED',
    [errors]: [ [Error], [Error] ]
  }
}
⨯ [TypeError: fetch failed] {
  [cause]: AggregateError: 
      at ignore-listed frames {
    code: 'ECONNREFUSED',
    [errors]: [ [Error], [Error] ]
  }
}
⨯ [TypeError: fetch failed] {
  digest: '3227098399',
  [cause]: AggregateError: 
      at ignore-listed frames {
    code: 'ECONNREFUSED',
    [errors]: [ [Error], [Error] ]
  }
}
⨯ [TypeError: fetch failed] {
  [cause]: AggregateError: 
      at ignore-listed frames {
    code: 'ECONNREFUSED',
    [errors]: [ [Error], [Error] ]
  }
}
⨯ [TypeError: fetch failed] {
  [cause]: AggregateError: 
      at ignore-listed frames {
    code: 'ECONNREFUSED',
    [errors]: [ [Error], [Error] ]
  }
}
⨯ [TypeError: fetch failed] {
  [cause]: AggregateError: 
      at ignore-listed frames {
    code: 'ECONNREFUSED',
    [errors]: [ [Error], [Error] ]
  }
}
⨯ [TypeError: fetch failed] {
  [cause]: AggregateError: 
      at ignore-listed frames {
    code: 'ETIMEDOUT',
    [errors]: [ [Error], [Error] ]
  }
}
⨯ [TypeError: fetch failed] {
  [cause]: AggregateError: 
      at ignore-listed frames {
    code: 'ETIMEDOUT',
    [errors]: [ [Error], [Error] ]
  }
}
⨯ [TypeError: fetch failed] {
  [cause]: AggregateError: 
      at ignore-listed frames {
    code: 'ECONNREFUSED',
    [errors]: [ [Error], [Error] ]
  }
}
⨯ [TypeError: fetch failed] {
  [cause]: AggregateError: 
      at ignore-listed frames {
    code: 'ECONNREFUSED',
    [errors]: [ [Error], [Error] ]
  }
}
⨯ [TypeError: fetch failed] {
  [cause]: AggregateError: 
      at ignore-listed frames {
    code: 'ECONNREFUSED',
    [errors]: [ [Error], [Error] ]
  }
}
⨯ [TypeError: fetch failed] {
  [cause]: AggregateError: 
      at ignore-listed frames {
    code: 'ECONNREFUSED',
    [errors]: [ [Error], [Error] ]
  }
}
⨯ [TypeError: fetch failed] {
  [cause]: AggregateError: 
      at ignore-listed frames {
    code: 'ECONNREFUSED',
    [errors]: [ [Error], [Error] ]
  }
}
⨯ [TypeError: fetch failed] {
  [cause]: AggregateError: 
      at ignore-listed frames {
    code: 'ECONNREFUSED',
    [errors]: [ [Error], [Error] ]
  }
}
⨯ [TypeError: fetch failed] {
  [cause]: AggregateError: 
      at ignore-listed frames {
    code: 'ECONNREFUSED',
    [errors]: [ [Error], [Error] ]
  }
}
⨯ [TypeError: fetch failed] {
  [cause]: AggregateError: 
      at ignore-listed frames {
    code: 'ECONNREFUSED',
    [errors]: [ [Error], [Error] ]
  }
}
⨯ [TypeError: fetch failed] {
  [cause]: AggregateError: 
      at ignore-listed frames {
    code: 'ECONNREFUSED',
    [errors]: [ [Error], [Error] ]
  }
}
⨯ [TypeError: fetch failed] {
  [cause]: AggregateError: 
      at ignore-listed frames {
    code: 'ECONNREFUSED',
    [errors]: [ [Error], [Error] ]
  }
}
⨯ [TypeError: fetch failed] {
  [cause]: AggregateError: 
      at ignore-listed frames {
    code: 'ECONNREFUSED',
    [errors]: [ [Error], [Error] ]
  }
}
⨯ [TypeError: fetch failed] {
  [cause]: AggregateError: 
      at ignore-listed frames {
    code: 'ECONNREFUSED',
    [errors]: [ [Error], [Error] ]
  }
}
⨯ [TypeError: fetch failed] {
  [cause]: AggregateError: 
      at ignore-listed frames {
    code: 'ECONNREFUSED',
    [errors]: [ [Error], [Error] ]
  }
}
⨯ [TypeError: fetch failed] {
  [cause]: AggregateError: 
      at ignore-listed frames {
    code: 'ECONNREFUSED',
    [errors]: [ [Error], [Error] ]
  }
}
⨯ [TypeError: fetch failed] {
  [cause]: AggregateError: 
      at ignore-listed frames {
    code: 'ECONNREFUSED',
    [errors]: [ [Error], [Error] ]
  }
}
[browser] Image with src "/elina/hero-linen.png" was detected as the Largest Contentful Paint (LCP). Please add the `loading="eager"` property if this image is above the fold.
Read more: https://nextjs.org/docs/app/api-reference/components/image#loading
⨯ [TypeError: fetch failed] {
  [cause]: AggregateError: 
      at ignore-listed frames {
    code: 'ECONNREFUSED',
    [errors]: [ [Error], [Error] ]
  }
}
⨯ [TypeError: fetch failed] {
  [cause]: AggregateError: 
      at ignore-listed frames {
    code: 'ECONNREFUSED',
    [errors]: [ [Error], [Error] ]
  }
}
⨯ [TypeError: fetch failed] {
  [cause]: AggregateError: 
      at ignore-listed frames {
    code: 'ECONNREFUSED',
    [errors]: [ [Error], [Error] ]
  }
}
⨯ [TypeError: fetch failed] {
  [cause]: AggregateError: 
      at ignore-listed frames {
    code: 'ECONNREFUSED',
    [errors]: [ [Error], [Error] ]
  }
}
⨯ [TypeError: fetch failed] {
  [cause]: AggregateError: 
      at ignore-listed frames {
    code: 'ECONNREFUSED',
    [errors]: [ [Error], [Error] ]
  }
}
⨯ [TypeError: fetch failed] {
  [cause]: AggregateError: 
      at ignore-listed frames {
    code: 'ECONNREFUSED',
    [errors]: [ [Error], [Error] ]
  }
}
[browser] Image with src "/elina/hero-linen.png" was detected as the Largest Contentful Paint (LCP). Please add the `loading="eager"` property if this image is above the fold.
Read more: https://nextjs.org/docs/app/api-reference/components/image#loading
⨯ [TypeError: fetch failed] {
  [cause]: AggregateError: 
      at ignore-listed frames {
    code: 'ECONNREFUSED',
    [errors]: [ [Error], [Error] ]
  }
}
⨯ [TypeError: fetch failed] {
  [cause]: AggregateError: 
      at ignore-listed frames {
    code: 'ECONNREFUSED',
    [errors]: [ [Error], [Error] ]
  }
}
⨯ [TypeError: fetch failed] {
  [cause]: AggregateError: 
      at ignore-listed frames {
    code: 'ECONNREFUSED',
    [errors]: [ [Error], [Error] ]
  }
}
[browser] Image with src "/elina/hero-linen.png" was detected as the Largest Contentful Paint (LCP). Please add the `loading="eager"` property if this image is above the fold.
Read more: https://nextjs.org/docs/app/api-reference/components/image#loading
⨯ [TypeError: fetch failed] {
  [cause]: AggregateError: 
      at ignore-listed frames {
    code: 'ECONNREFUSED',
    [errors]: [ [Error], [Error] ]
  }
}
⨯ [TypeError: fetch failed] {
  [cause]: AggregateError: 
      at ignore-listed frames {
    code: 'ECONNREFUSED',
    [errors]: [ [Error], [Error] ]
  }
}
⨯ [TypeError: fetch failed] {
  [cause]: AggregateError: 
      at ignore-listed frames {
    code: 'ECONNREFUSED',
    [errors]: [ [Error], [Error] ]
  }
}
[browser] Image with src "/elina/hero-linen.png" was detected as the Largest Contentful Paint (LCP). Please add the `loading="eager"` property if this image is above the fold.
Read more: https://nextjs.org/docs/app/api-reference/components/image#loading
[browser] Image with src "/elina/hero-linen.png" was detected as the Largest Contentful Paint (LCP). Please add the `loading="eager"` property if this image is above the fold.
Read more: https://nextjs.org/docs/app/api-reference/components/image#loading
⨯ [TypeError: fetch failed] {
  digest: '3227098399',
  [cause]: AggregateError: 
      at ignore-listed frames {
    code: 'ECONNREFUSED',
    [errors]: [ [Error], [Error] ]
  }
}
⨯ [TypeError: fetch failed] {
  digest: '3227098399',
  [cause]: AggregateError: 
      at ignore-listed frames {
    code: 'ECONNREFUSED',
    [errors]: [ [Error], [Error] ]
  }
}
[browser] Uncaught TypeError: fetch failed
[browser] Image with src "/elina/hero-linen.png" was detected as the Largest Contentful Paint (LCP). Please add the `loading="eager"` property if this image is above the fold.
Read more: https://nextjs.org/docs/app/api-reference/components/image#loading
⨯ [TypeError: fetch failed] {
  [cause]: AggregateError: 
      at ignore-listed frames {
    code: 'ECONNREFUSED',
    [errors]: [ [Error], [Error] ]
  }
}
⨯ [TypeError: fetch failed] {
  [cause]: AggregateError: 
      at ignore-listed frames {
    code: 'ECONNREFUSED',
    [errors]: [ [Error], [Error] ]
  }
}
⨯ [TypeError: fetch failed] {
  [cause]: AggregateError: 
      at ignore-listed frames {
    code: 'ECONNREFUSED',
    [errors]: [ [Error], [Error] ]
  }
}
[browser] Detected `scroll-behavior: smooth` on the `<html>` element. To disable smooth scrolling during route transitions, add `data-scroll-behavior="smooth"` to your <html> element. Learn more: https://nextjs.org/docs/messages/missing-data-scroll-behavior (file://C:/Users/Amir/Desktop/elina/apps/web/.next/dev/static/chunks/1wmt_next_dist_compiled_react-dom_0ggz9cr._.js:15055:26)
⨯ [TypeError: fetch failed] {
  [cause]: AggregateError: 
      at ignore-listed frames {
    code: 'ECONNREFUSED',
    [errors]: [ [Error], [Error] ]
  }
}
⨯ [TypeError: fetch failed] {
  digest: '3227098399',
  [cause]: AggregateError: 
      at ignore-listed frames {
    code: 'ECONNREFUSED',
    [errors]: [ [Error], [Error] ]
  }
}
[browser] Uncaught TypeError: fetch failed
⚠ Fast Refresh had to perform a full reload due to a runtime error.
⚠ Server is approaching the used memory threshold, restarting...
[browser] Image with src "/elina/hero-linen.png" was detected as the Largest Contentful Paint (LCP). Please add the `loading="eager"` property if this image is above the fold.
Read more: https://nextjs.org/docs/app/api-reference/components/image#loading
[browser] Image with src "/elina/hero-linen.png" was detected as the Largest Contentful Paint (LCP). Please add the `loading="eager"` property if this image is above the fold.
Read more: https://nextjs.org/docs/app/api-reference/components/image#loading
